<?xml version="1.0" encoding="utf-8"?><testsuites name="pytest tests"><testsuite name="pytest" errors="0" failures="0" skipped="2" tests="32" time="2.285" timestamp="2026-09-06T14:00:58.519147+00:00" hostname="localhost"><testcase classname="tests.test_data" name="test_supervised_overlength_is_rejected_but_mlm_windowed" time="0.024" /><testcase classname="tests.test_data" name="test_unknown_cwe_is_not_negative" time="0.001" /><testcase classname="tests.test_data" name="test_teacher_null_remains_unknown" time="0.002" /><testcase classname="tests.test_data" name="test_unicode_character_offsets" time="0.001" /><testcase classname="tests.test_data" name="test_pair_requires_review_and_collates" time="0.001" /><testcase classname="tests.test_data" name="test_importers_do_not_label_fixes_or_changed_lines_as_vulnerable" time="0.000" /><testcase classname="tests.test_data" name="test_provenance_does_not_become_model_input" time="0.001" /><testcase classname="tests.test_data" name="test_lexical_hash_removes_comments_not_string_contents" time="0.000" /><testcase classname="tests.test_data" name="test_audit_catches_cross_split_incident" time="0.001" /><testcase classname="tests.test_data" name="test_split_quarantines_contradictory_labels" time="0.002" /><testcase classname="tests.test_data" name="test_threshold_respects_tied_negative_scores" time="0.001" /><testcase classname="tests.test_data" name="test_prepare_refuses_relabeling_partition" time="0.001" /><testcase classname="tests.test_data" name="test_bpe_training_optional_dependency" time="0.001"><skipped type="pytest.skip" message="Optional public-data/tokenizer dependency not installed">/mnt/data/sectrace-mps/tests/test_data.py:116: Optional public-data/tokenizer dependency not installed</skipped></testcase><testcase classname="tests.test_data" name="test_clang_graph_is_source_anchored" time="0.016" /><testcase classname="tests.test_data" name="test_unicode_identifier_fingerprint_is_not_dropped" time="0.000" /><testcase classname="tests.test_data" name="test_repository_identity_matches_cross_source_github_forms" time="0.000" /><testcase classname="tests.test_model" name="test_exact_parameter_budget" time="0.825" /><testcase classname="tests.test_model" name="test_chunked_attention_matches_dense_outputs_and_gradients[1-False]" time="0.019" /><testcase classname="tests.test_model" name="test_chunked_attention_matches_dense_outputs_and_gradients[1-True]" time="0.007" /><testcase classname="tests.test_model" name="test_chunked_attention_matches_dense_outputs_and_gradients[7-False]" time="0.005" /><testcase classname="tests.test_model" name="test_chunked_attention_matches_dense_outputs_and_gradients[7-True]" time="0.005" /><testcase classname="tests.test_model" name="test_chunked_attention_matches_dense_outputs_and_gradients[64-False]" time="0.004" /><testcase classname="tests.test_model" name="test_chunked_attention_matches_dense_outputs_and_gradients[64-True]" time="0.004" /><testcase classname="tests.test_model" name="test_all_padding_is_finite_and_zero" time="0.002" /><testcase classname="tests.test_model" name="test_eval_attention_disables_dropout" time="0.002" /><testcase classname="tests.test_model" name="test_checkpointed_graph_backprop_matches_direct" time="0.057" /><testcase classname="tests.test_model" name="test_mlm_logits_only_masked_positions_and_tied_embedding" time="0.029" /><testcase classname="tests.test_model" name="test_unknown_targets_contribute_no_gradient" time="0.001" /><testcase classname="tests.test_model" name="test_pool_nodes_matches_mean" time="0.001" /><testcase classname="tests.test_model" name="test_actual_mps_forward_backward" time="0.000"><skipped type="pytest.skip" message="Apple MPS hardware unavailable">/mnt/data/sectrace-mps/tests/test_model.py:113: Apple MPS hardware unavailable</skipped></testcase><testcase classname="tests.test_training" name="test_exact_cpu_resume_restores_optimizer_rng_and_cursor" time="0.455" /><testcase classname="tests.test_training" name="test_cache_tampering_is_detected" time="0.003" /></testsuite></testsuites>